<?xml version="1.0" encoding="utf-8"?><testsuites><testsuite errors="0" failures="0" hostname="biobb-runners" name="pytest" skipped="0" tests="2" time="17.939" timestamp="2023-08-03T07:58:50.403858"><testcase classname="biobb_godmd.test.unitests.test_godmd.test_godmd_prep.TestGOdMDPrep" name="test_godmd_prep" time="0.612" /><testcase classname="biobb_godmd.test.unitests.test_godmd.test_godmd_run.TestGOdMDrun" name="test_godmd_run" time="14.643" /></testsuite></testsuites>