<?xml version="1.0" encoding="utf-8"?><testsuites><testsuite name="pytest" errors="0" failures="0" skipped="0" tests="2" time="15.106" timestamp="2024-05-28T09:28:31.625603" hostname="biobb-runners"><testcase classname="biobb_godmd.test.unitests.test_godmd.test_godmd_prep.TestGOdMDPrep" name="test_godmd_prep" time="0.048" /><testcase classname="biobb_godmd.test.unitests.test_godmd.test_godmd_run.TestGOdMDrun" name="test_godmd_run" time="14.678" /></testsuite></testsuites>