<?xml version="1.0" encoding="utf-8"?><testsuites><testsuite name="pytest" errors="0" failures="0" skipped="0" tests="2" time="16.861" timestamp="2024-05-28T09:22:47.524592" hostname="biobb-runners"><testcase classname="biobb_godmd.test.unitests.test_godmd.test_godmd_prep.TestGOdMDPrep" name="test_godmd_prep" time="0.168" /><testcase classname="biobb_godmd.test.unitests.test_godmd.test_godmd_run.TestGOdMDrun" name="test_godmd_run" time="16.118" /></testsuite></testsuites>