<?xml version="1.0" encoding="utf-8"?><testsuites><testsuite name="pytest" errors="0" failures="0" skipped="0" tests="2" time="15.423" timestamp="2025-01-08T12:48:23.031662+00:00" hostname="biobb-runners"><testcase classname="biobb_godmd.test.unitests.test_godmd.test_godmd_prep.TestGOdMDPrep" name="test_godmd_prep" time="0.041" /><testcase classname="biobb_godmd.test.unitests.test_godmd.test_godmd_run.TestGOdMDrun" name="test_godmd_run" time="14.988" /></testsuite></testsuites>