<?xml version="1.0" encoding="utf-8"?><testsuites name="pytest tests"><testsuite name="pytest" errors="0" failures="0" skipped="0" tests="1" time="0.946" timestamp="2025-06-19T16:38:20.731672+00:00" hostname="github-actions.vm.mmb.pcb.ub.es"><testcase classname="biobb_godmd.test.unitests.test_godmd.test_godmd_prep.TestGOdMDPrep" name="test_godmd_prep" time="0.094" /></testsuite></testsuites>