<?xml version="1.0" encoding="utf-8"?><testsuites><testsuite name="pytest" errors="0" failures="0" skipped="0" tests="2" time="15.977" timestamp="2024-03-12T10:39:58.813308" hostname="biobb-runners"><testcase classname="biobb_godmd.test.unitests.test_godmd.test_godmd_prep.TestGOdMDPrep" name="test_godmd_prep" time="0.038" /><testcase classname="biobb_godmd.test.unitests.test_godmd.test_godmd_run.TestGOdMDrun" name="test_godmd_run" time="15.601" /></testsuite></testsuites>