<?xml version="1.0" encoding="utf-8"?><testsuites name="pytest tests"><testsuite name="pytest" errors="0" failures="0" skipped="0" tests="1" time="1.088" timestamp="2025-06-25T07:50:47.460603+00:00" hostname="github-actions.vm.mmb.pcb.ub.es"><testcase classname="biobb_godmd.test.unitests.test_godmd.test_godmd_prep.TestGOdMDPrep" name="test_godmd_prep" time="0.100" /></testsuite></testsuites>